0 verbose cli /usr/local/bin/node /usr/local/bin/npm
1 info using npm@10.7.0
2 info using node@v20.15.1
3 silly config:load:file:/usr/local/lib/node_modules/npm/npmrc
4 silly config:load:file:/data/.npmrc
5 silly config:load:file:/usr/src/node-red/.npmrc
6 silly config:load:file:/usr/local/etc/npmrc
7 verbose title npm install node-red-dashboard@3.6.5
8 verbose argv "install" "--no-audit" "--no-update-notifier" "--no-fund" "--save" "--save-prefix" "~" "--omit" "dev" "--engine-strict" "node-red-dashboard@3.6.5"
9 verbose logfile logs-max:10 dir:/data/.npm/_logs/2024-07-18T21_08_52_627Z-
10 verbose logfile /data/.npm/_logs/2024-07-18T21_08_52_627Z-debug-0.log
11 silly logfile done cleaning log files
12 silly idealTree buildDeps
13 silly fetch manifest node-red-dashboard@3.6.5
14 http fetch GET 200 https://registry.npmjs.org/node-red-dashboard 694ms (cache miss)
15 silly placeDep ROOT node-red-dashboard@3.6.5 OK for: node-red-project@0.0.1 want: 3.6.5
16 silly fetch manifest compression@^1.7.4
17 silly fetch manifest gridstack@^0.6.4
18 http fetch GET 200 https://registry.npmjs.org/compression 62ms (cache miss)
19 http fetch GET 200 https://registry.npmjs.org/gridstack 623ms (cache miss)
20 silly placeDep ROOT compression@1.7.4 OK for: node-red-dashboard@3.6.5 want: ^1.7.4
21 silly placeDep ROOT gridstack@0.6.4 OK for: node-red-dashboard@3.6.5 want: ^0.6.4
22 silly fetch manifest bytes@3.0.0
23 silly fetch manifest on-headers@~1.0.2
24 silly fetch manifest safe-buffer@5.1.2
25 silly fetch manifest compressible@~2.0.16
26 silly fetch manifest jquery@^1.8 || 2 || 3
27 http fetch GET 200 https://registry.npmjs.org/safe-buffer 18ms (cache hit)
28 http fetch GET 200 https://registry.npmjs.org/bytes 20ms (cache hit)
29 http fetch GET 200 https://registry.npmjs.org/compressible 59ms (cache miss)
30 http fetch GET 200 https://registry.npmjs.org/on-headers 64ms (cache miss)
31 http fetch GET 200 https://registry.npmjs.org/jquery 151ms (cache miss)
32 silly placeDep node_modules/compression bytes@3.0.0 OK for: compression@1.7.4 want: 3.0.0
33 silly placeDep ROOT compressible@2.0.18 OK for: compression@1.7.4 want: ~2.0.16
34 silly placeDep ROOT on-headers@1.0.2 OK for: compression@1.7.4 want: ~1.0.2
35 silly placeDep node_modules/compression safe-buffer@5.1.2 OK for: compression@1.7.4 want: 5.1.2
36 silly placeDep ROOT jquery@3.7.1 OK for: gridstack@0.6.4 want: ^1.8 || 2 || 3
37 silly reify moves {}
38 silly tarball no local data for jquery@https://registry.npmjs.org/jquery/-/jquery-3.7.1.tgz. Extracting by manifest.
39 silly tarball no local data for node-red-dashboard@https://registry.npmjs.org/node-red-dashboard/-/node-red-dashboard-3.6.5.tgz. Extracting by manifest.
40 silly tarball no local data for bytes@https://registry.npmjs.org/bytes/-/bytes-3.0.0.tgz. Extracting by manifest.
41 silly tarball no local data for on-headers@https://registry.npmjs.org/on-headers/-/on-headers-1.0.2.tgz. Extracting by manifest.
42 silly tarball no local data for gridstack@https://registry.npmjs.org/gridstack/-/gridstack-0.6.4.tgz. Extracting by manifest.
43 silly tarball no local data for compressible@https://registry.npmjs.org/compressible/-/compressible-2.0.18.tgz. Extracting by manifest.
44 silly tarball no local data for safe-buffer@https://registry.npmjs.org/safe-buffer/-/safe-buffer-5.1.2.tgz. Extracting by manifest.
45 silly tarball no local data for compression@https://registry.npmjs.org/compression/-/compression-1.7.4.tgz. Extracting by manifest.
46 http fetch GET 200 https://registry.npmjs.org/bytes/-/bytes-3.0.0.tgz 85ms (cache miss)
47 http fetch GET 200 https://registry.npmjs.org/on-headers/-/on-headers-1.0.2.tgz 163ms (cache miss)
48 http fetch GET 200 https://registry.npmjs.org/safe-buffer/-/safe-buffer-5.1.2.tgz 169ms (cache miss)
49 http fetch GET 200 https://registry.npmjs.org/compression/-/compression-1.7.4.tgz 173ms (cache miss)
50 http fetch GET 200 https://registry.npmjs.org/compressible/-/compressible-2.0.18.tgz 182ms (cache miss)
51 http fetch GET 200 https://registry.npmjs.org/jquery/-/jquery-3.7.1.tgz 221ms (cache miss)
52 http fetch GET 200 https://registry.npmjs.org/gridstack/-/gridstack-0.6.4.tgz 242ms (cache miss)
53 http fetch GET 200 https://registry.npmjs.org/node-red-dashboard/-/node-red-dashboard-3.6.5.tgz 293ms (cache miss)
54 info run node-red-dashboard@3.6.5 postinstall node_modules/node-red-dashboard node fixgrid.js
55 info run node-red-dashboard@3.6.5 postinstall { code: 0, signal: null }
56 silly ADD node_modules/jquery
57 silly ADD node_modules/on-headers
58 silly ADD node_modules/compressible
59 silly ADD node_modules/gridstack
60 silly ADD node_modules/compression
61 silly ADD node_modules/compression/node_modules/safe-buffer
62 silly ADD node_modules/compression/node_modules/bytes
63 silly ADD node_modules/node-red-dashboard
64 verbose exit 0
65 info ok
